<?xml version="1.0" encoding="UTF-8"?>
<testsuite name="com.example.elevators.MyElevatorSystemTest" tests="6" skipped="0" failures="0" errors="0" timestamp="2024-06-03T16:24:18" hostname="sebastian-IdeaPad-L340-15IRH-Gaming" time="0.024">
  <properties/>
  <testcase name="closestElevator()" classname="com.example.elevators.MyElevatorSystemTest" time="0.016"/>
  <testcase name="create()" classname="com.example.elevators.MyElevatorSystemTest" time="0.002"/>
  <testcase name="reachDestination()" classname="com.example.elevators.MyElevatorSystemTest" time="0.0"/>
  <testcase name="oneElevator()" classname="com.example.elevators.MyElevatorSystemTest" time="0.001"/>
  <testcase name="moreElevators()" classname="com.example.elevators.MyElevatorSystemTest" time="0.001"/>
  <testcase name="queueingRequests()" classname="com.example.elevators.MyElevatorSystemTest" time="0.001"/>
  <system-out><![CDATA[]]></system-out>
  <system-err><![CDATA[]]></system-err>
</testsuite>
